# JRE version: OpenJDK Runtime Environment (8.0_152-b06) (build 1.8.0_152-release-1136-b06)
# Java VM: OpenJDK 64-Bit Server VM (25.152-b06 mixed mode bsd-amd64 compressed oops)
Heap:
 PSYoungGen      total 419328K, used 302574K [0x00000007a0000000, 0x00000007c0000000, 0x00000007c0000000)
  eden space 338944K, 67% used [0x00000007a0000000,0x00000007addf5220,0x00000007b4b00000)
  from space 80384K, 93% used [0x00000007bb180000,0x00000007bfb06930,0x00000007c0000000)
  to   space 92672K, 0% used [0x00000007b4b00000,0x00000007b4b00000,0x00000007ba580000)
 ParOldGen       total 124416K, used 61021K [0x0000000760000000, 0x0000000767980000, 0x00000007a0000000)
  object space 124416K, 49% used [0x0000000760000000,0x0000000763b97638,0x0000000767980000)
 Metaspace       used 92385K, capacity 98344K, committed 98648K, reserved 1134592K
  class space    used 11447K, capacity 12526K, committed 12672K, reserved 1048576K
GC Heap History (10 events):
Event: 17514.138 GC heap before
{Heap before GC invocations=31 (full 5):
 PSYoungGen      total 455168K, used 454853K [0x00000007a0000000, 0x00000007c0000000, 0x00000007c0000000)
  eden space 399872K, 100% used [0x00000007a0000000,0x00000007b8680000,0x00000007b8680000)
  from space 55296K, 99% used [0x00000007b8680000,0x00000007bbc31480,0x00000007bbc80000)
  to   space 69120K, 0% used [0x00000007bbc80000,0x00000007bbc80000,0x00000007c0000000)
 ParOldGen       total 124416K, used 60981K [0x0000000760000000, 0x0000000767980000, 0x00000007a0000000)
  object space 124416K, 49% used [0x0000000760000000,0x0000000763b8d638,0x0000000767980000)
 Metaspace       used 91867K, capacity 97672K, committed 97880K, reserved 1134592K
  class space    used 11420K, capacity 12480K, committed 12672K, reserved 1048576K
Event: 17514.391 GC heap after
Heap after GC invocations=31 (full 5):
 PSYoungGen      total 428544K, used 66762K [0x00000007a0000000, 0x00000007c0000000, 0x00000007c0000000)
  eden space 359424K, 0% used [0x00000007a0000000,0x00000007a0000000,0x00000007b5f00000)
  from space 69120K, 96% used [0x00000007bbc80000,0x00000007bfdb2a80,0x00000007c0000000)
  to   space 82432K, 0% used [0x00000007b5f00000,0x00000007b5f00000,0x00000007baf80000)
 ParOldGen       total 124416K, used 60989K [0x0000000760000000, 0x0000000767980000, 0x00000007a0000000)
  object space 124416K, 49% used [0x0000000760000000,0x0000000763b8f638,0x0000000767980000)
 Metaspace       used 91867K, capacity 97672K, committed 97880K, reserved 1134592K
  class space    used 11420K, capacity 12480K, committed 12672K, reserved 1048576K
}
Event: 17672.048 GC heap before
{Heap before GC invocations=32 (full 5):
 PSYoungGen      total 428544K, used 426186K [0x00000007a0000000, 0x00000007c0000000, 0x00000007c0000000)
  eden space 359424K, 100% used [0x00000007a0000000,0x00000007b5f00000,0x00000007b5f00000)
  from space 69120K, 96% used [0x00000007bbc80000,0x00000007bfdb2a80,0x00000007c0000000)
  to   space 82432K, 0% used [0x00000007b5f00000,0x00000007b5f00000,0x00000007baf80000)
 ParOldGen       total 124416K, used 60989K [0x0000000760000000, 0x0000000767980000, 0x00000007a0000000)
  object space 124416K, 49% used [0x0000000760000000,0x0000000763b8f638,0x0000000767980000)
 Metaspace       used 92048K, capacity 97980K, committed 98392K, reserved 1134592K
  class space    used 11430K, capacity 12498K, committed 12672K, reserved 1048576K
Event: 17672.126 GC heap after
Heap after GC invocations=32 (full 5):
 PSYoungGen      total 365056K, used 19852K [0x00000007a0000000, 0x00000007be900000, 0x00000007c0000000)
  eden space 345088K, 0% used [0x00000007a0000000,0x00000007a0000000,0x00000007b5100000)
  from space 19968K, 99% used [0x00000007b5f00000,0x00000007b72632a8,0x00000007b7280000)
  to   space 77824K, 0% used [0x00000007b9d00000,0x00000007b9d00000,0x00000007be900000)
 ParOldGen       total 124416K, used 60997K [0x0000000760000000, 0x0000000767980000, 0x00000007a0000000)
  object space 124416K, 49% used [0x0000000760000000,0x0000000763b91638,0x0000000767980000)
 Metaspace       used 92048K, capacity 97980K, committed 98392K, reserved 1134592K
  class space    used 11430K, capacity 12498K, committed 12672K, reserved 1048576K
}
Event: 17673.556 GC heap before
{Heap before GC invocations=33 (full 5):
 PSYoungGen      total 365056K, used 364940K [0x00000007a0000000, 0x00000007be900000, 0x00000007c0000000)
  eden space 345088K, 100% used [0x00000007a0000000,0x00000007b5100000,0x00000007b5100000)
  from space 19968K, 99% used [0x00000007b5f00000,0x00000007b72632a8,0x00000007b7280000)
  to   space 77824K, 0% used [0x00000007b9d00000,0x00000007b9d00000,0x00000007be900000)
 ParOldGen       total 124416K, used 60997K [0x0000000760000000, 0x0000000767980000, 0x00000007a0000000)
  object space 124416K, 49% used [0x0000000760000000,0x0000000763b91638,0x0000000767980000)
 Metaspace       used 92066K, capacity 97980K, committed 98392K, reserved 1134592K
  class space    used 11431K, capacity 12498K, committed 12672K, reserved 1048576K
Event: 17673.685 GC heap after
Heap after GC invocations=33 (full 5):
 PSYoungGen      total 428032K, used 24509K [0x00000007a0000000, 0x00000007c0000000, 0x00000007c0000000)
  eden space 350208K, 0% used [0x00000007a0000000,0x00000007a0000000,0x00000007b5600000)
  from space 77824K, 31% used [0x00000007b9d00000,0x00000007bb4ef5a8,0x00000007be900000)
  to   space 72704K, 0% used [0x00000007b5600000,0x00000007b5600000,0x00000007b9d00000)
 ParOldGen       total 124416K, used 61005K [0x0000000760000000, 0x0000000767980000, 0x00000007a0000000)
  object space 124416K, 49% used [0x0000000760000000,0x0000000763b93638,0x0000000767980000)
 Metaspace       used 92066K, capacity 97980K, committed 98392K, reserved 1134592K
  class space    used 11431K, capacity 12498K, committed 12672K, reserved 1048576K
}
Event: 18403.650 GC heap before
{Heap before GC invocations=34 (full 5):
 PSYoungGen      total 428032K, used 374717K [0x00000007a0000000, 0x00000007c0000000, 0x00000007c0000000)
  eden space 350208K, 100% used [0x00000007a0000000,0x00000007b5600000,0x00000007b5600000)
  from space 77824K, 31% used [0x00000007b9d00000,0x00000007bb4ef5a8,0x00000007be900000)
  to   space 72704K, 0% used [0x00000007b5600000,0x00000007b5600000,0x00000007b9d00000)
 ParOldGen       total 124416K, used 61005K [0x0000000760000000, 0x0000000767980000, 0x00000007a0000000)
  object space 124416K, 49% used [0x0000000760000000,0x0000000763b93638,0x0000000767980000)
 Metaspace       used 92159K, capacity 98056K, committed 98392K, reserved 1134592K
  class space    used 11433K, capacity 12500K, committed 12672K, reserved 1048576K
Event: 18403.733 GC heap after
Heap after GC invocations=34 (full 5):
 PSYoungGen      total 422912K, used 58724K [0x00000007a0000000, 0x00000007c0000000, 0x00000007c0000000)
  eden space 350208K, 0% used [0x00000007a0000000,0x00000007a0000000,0x00000007b5600000)
  from space 72704K, 80% used [0x00000007b5600000,0x00000007b8f59248,0x00000007b9d00000)
  to   space 80384K, 0% used [0x00000007bb180000,0x00000007bb180000,0x00000007c0000000)
 ParOldGen       total 124416K, used 61013K [0x0000000760000000, 0x0000000767980000, 0x00000007a0000000)
  object space 124416K, 49% used [0x0000000760000000,0x0000000763b95638,0x0000000767980000)
 Metaspace       used 92159K, capacity 98056K, committed 98392K, reserved 1134592K
  class space    used 11433K, capacity 12500K, committed 12672K, reserved 1048576K
}
Event: 18488.490 GC heap before
{Heap before GC invocations=35 (full 5):
 PSYoungGen      total 422912K, used 408932K [0x00000007a0000000, 0x00000007c0000000, 0x00000007c0000000)
  eden space 350208K, 100% used [0x00000007a0000000,0x00000007b5600000,0x00000007b5600000)
  from space 72704K, 80% used [0x00000007b5600000,0x00000007b8f59248,0x00000007b9d00000)
  to   space 80384K, 0% used [0x00000007bb180000,0x00000007bb180000,0x00000007c0000000)
 ParOldGen       total 124416K, used 61013K [0x0000000760000000, 0x0000000767980000, 0x00000007a0000000)
  object space 124416K, 49% used [0x0000000760000000,0x0000000763b95638,0x0000000767980000)
 Metaspace       used 92265K, capacity 98138K, committed 98392K, reserved 1134592K
  class space    used 11435K, capacity 12503K, committed 12672K, reserved 1048576K
Event: 18488.698 GC heap after
Heap after GC invocations=35 (full 5):
 PSYoungGen      total 419328K, used 75290K [0x00000007a0000000, 0x00000007c0000000, 0x00000007c0000000)
  eden space 338944K, 0% used [0x00000007a0000000,0x00000007a0000000,0x00000007b4b00000)
  from space 80384K, 93% used [0x00000007bb180000,0x00000007bfb06930,0x00000007c0000000)
  to   space 92672K, 0% used [0x00000007b4b00000,0x00000007b4b00000,0x00000007ba580000)
 ParOldGen       total 124416K, used 61021K [0x0000000760000000, 0x0000000767980000, 0x00000007a0000000)
  object space 124416K, 49% used [0x0000000760000000,0x0000000763b97638,0x0000000767980000)
 Metaspace       used 92265K, capacity 98138K, committed 98392K, reserved 1134592K
  class space    used 11435K, capacity 12503K, committed 12672K, reserved 1048576K
}

